
2024/04/06 16:03:15 [warn] 1#1: conflicting server name "localhost" on 0.0.0.0:80, ignored
2024/04/06 16:03:15 [notice] 1#1: using the "epoll" event method
2024/04/06 16:03:15 [notice] 1#1: nginx/1.25.4
2024/04/06 16:03:15 [notice] 1#1: built by gcc 12.2.0 (Debian 12.2.0-14) 
2024/04/06 16:03:15 [notice] 1#1: OS: Linux 6.5.0-26-generic
2024/04/06 16:03:15 [notice] 1#1: getrlimit(RLIMIT_NOFILE): 1048576:1048576
2024/04/06 16:03:15 [notice] 1#1: start worker processes
2024/04/06 16:03:15 [notice] 1#1: start worker process 29
2024/04/06 16:03:15 [notice] 1#1: start worker process 30
2024/04/06 16:03:15 [notice] 1#1: start worker process 31
2024/04/06 16:03:15 [notice] 1#1: start worker process 32
2024/04/06 16:03:15 [notice] 1#1: start worker process 33
2024/04/06 16:03:15 [notice] 1#1: start worker process 34
2024/04/06 16:07:45 [notice] 1#1: signal 3 (SIGQUIT) received, shutting down
2024/04/06 16:07:45 [notice] 31#31: gracefully shutting down
2024/04/06 16:07:45 [notice] 34#34: gracefully shutting down
2024/04/06 16:07:45 [notice] 31#31: exiting
2024/04/06 16:07:45 [notice] 34#34: exiting
2024/04/06 16:07:45 [notice] 31#31: exit
2024/04/06 16:07:45 [notice] 34#34: exit
2024/04/06 16:07:45 [notice] 32#32: gracefully shutting down
2024/04/06 16:07:45 [notice] 32#32: exiting
2024/04/06 16:07:45 [notice] 32#32: exit
2024/04/06 16:07:45 [notice] 30#30: gracefully shutting down
2024/04/06 16:07:45 [notice] 30#30: exiting
2024/04/06 16:07:45 [notice] 30#30: exit
2024/04/06 16:07:45 [notice] 33#33: gracefully shutting down
2024/04/06 16:07:45 [notice] 33#33: exiting
2024/04/06 16:07:45 [notice] 33#33: exit
2024/04/06 16:07:45 [notice] 29#29: gracefully shutting down
2024/04/06 16:07:45 [notice] 29#29: exiting
2024/04/06 16:07:45 [notice] 29#29: exit
2024/04/06 16:07:45 [notice] 1#1: signal 17 (SIGCHLD) received from 34
2024/04/06 16:07:45 [notice] 1#1: worker process 34 exited with code 0
2024/04/06 16:07:45 [notice] 1#1: signal 29 (SIGIO) received
2024/04/06 16:07:45 [notice] 1#1: signal 17 (SIGCHLD) received from 30
2024/04/06 16:07:45 [notice] 1#1: worker process 30 exited with code 0
2024/04/06 16:07:45 [notice] 1#1: signal 29 (SIGIO) received
2024/04/06 16:07:45 [notice] 1#1: signal 17 (SIGCHLD) received from 29
2024/04/06 16:07:45 [notice] 1#1: worker process 29 exited with code 0
2024/04/06 16:07:45 [notice] 1#1: signal 29 (SIGIO) received
2024/04/06 16:07:45 [notice] 1#1: signal 17 (SIGCHLD) received from 32
2024/04/06 16:07:45 [notice] 1#1: worker process 32 exited with code 0
2024/04/06 16:07:45 [notice] 1#1: worker process 33 exited with code 0
2024/04/06 16:07:45 [notice] 1#1: signal 29 (SIGIO) received
2024/04/06 16:07:45 [notice] 1#1: signal 17 (SIGCHLD) received from 31
2024/04/06 16:07:45 [notice] 1#1: worker process 31 exited with code 0
2024/04/06 16:07:45 [notice] 1#1: exit
2024/04/06 16:08:32 [warn] 1#1: conflicting server name "localhost" on 0.0.0.0:80, ignored
2024/04/06 16:08:32 [notice] 1#1: using the "epoll" event method
2024/04/06 16:08:32 [notice] 1#1: nginx/1.25.4
2024/04/06 16:08:32 [notice] 1#1: built by gcc 12.2.0 (Debian 12.2.0-14) 
2024/04/06 16:08:32 [notice] 1#1: OS: Linux 6.5.0-26-generic
2024/04/06 16:08:32 [notice] 1#1: getrlimit(RLIMIT_NOFILE): 1048576:1048576
2024/04/06 16:08:32 [notice] 1#1: start worker processes
2024/04/06 16:08:32 [notice] 1#1: start worker process 29
2024/04/06 16:08:32 [notice] 1#1: start worker process 30
2024/04/06 16:08:32 [notice] 1#1: start worker process 31
2024/04/06 16:08:32 [notice] 1#1: start worker process 32
2024/04/06 16:08:32 [notice] 1#1: start worker process 33
2024/04/06 16:08:32 [notice] 1#1: start worker process 34
2024/04/06 16:13:47 [notice] 1#1: signal 3 (SIGQUIT) received, shutting down
2024/04/06 16:13:47 [notice] 29#29: gracefully shutting down
2024/04/06 16:13:47 [notice] 33#33: gracefully shutting down
2024/04/06 16:13:47 [notice] 30#30: gracefully shutting down
2024/04/06 16:13:47 [notice] 29#29: exiting
2024/04/06 16:13:47 [notice] 33#33: exiting
2024/04/06 16:13:47 [notice] 30#30: exiting
2024/04/06 16:13:47 [notice] 29#29: exit
2024/04/06 16:13:47 [notice] 33#33: exit
2024/04/06 16:13:47 [notice] 30#30: exit
2024/04/06 16:13:47 [notice] 32#32: gracefully shutting down
2024/04/06 16:13:47 [notice] 32#32: exiting
2024/04/06 16:13:47 [notice] 32#32: exit
2024/04/06 16:13:47 [notice] 34#34: gracefully shutting down
2024/04/06 16:13:47 [notice] 34#34: exiting
2024/04/06 16:13:47 [notice] 34#34: exit
2024/04/06 16:13:47 [notice] 31#31: gracefully shutting down
2024/04/06 16:13:47 [notice] 31#31: exiting
2024/04/06 16:13:47 [notice] 31#31: exit
2024/04/06 16:13:47 [notice] 1#1: signal 17 (SIGCHLD) received from 33
2024/04/06 16:13:47 [notice] 1#1: worker process 33 exited with code 0
2024/04/06 16:13:47 [notice] 1#1: signal 29 (SIGIO) received
2024/04/06 16:13:47 [notice] 1#1: signal 17 (SIGCHLD) received from 32
2024/04/06 16:13:47 [notice] 1#1: worker process 30 exited with code 0
2024/04/06 16:13:47 [notice] 1#1: worker process 32 exited with code 0
2024/04/06 16:13:47 [notice] 1#1: signal 29 (SIGIO) received
2024/04/06 16:13:47 [notice] 1#1: signal 17 (SIGCHLD) received from 31
2024/04/06 16:13:47 [notice] 1#1: worker process 31 exited with code 0
2024/04/06 16:13:47 [notice] 1#1: signal 29 (SIGIO) received
2024/04/06 16:13:47 [notice] 1#1: signal 17 (SIGCHLD) received from 34
2024/04/06 16:13:47 [notice] 1#1: worker process 34 exited with code 0
2024/04/06 16:13:47 [notice] 1#1: signal 29 (SIGIO) received
2024/04/06 16:13:47 [notice] 1#1: signal 17 (SIGCHLD) received from 29
2024/04/06 16:13:47 [notice] 1#1: worker process 29 exited with code 0
2024/04/06 16:13:47 [notice] 1#1: exit
2024/04/06 16:13:48 [warn] 1#1: conflicting server name "localhost" on 0.0.0.0:80, ignored
2024/04/06 16:13:48 [notice] 1#1: using the "epoll" event method
2024/04/06 16:13:48 [notice] 1#1: nginx/1.25.4
2024/04/06 16:13:48 [notice] 1#1: built by gcc 12.2.0 (Debian 12.2.0-14) 
2024/04/06 16:13:48 [notice] 1#1: OS: Linux 6.5.0-26-generic
2024/04/06 16:13:48 [notice] 1#1: getrlimit(RLIMIT_NOFILE): 1048576:1048576
2024/04/06 16:13:48 [notice] 1#1: start worker processes
2024/04/06 16:13:48 [notice] 1#1: start worker process 22
2024/04/06 16:13:48 [notice] 1#1: start worker process 23
2024/04/06 16:13:48 [notice] 1#1: start worker process 24
2024/04/06 16:13:48 [notice] 1#1: start worker process 25
2024/04/06 16:13:48 [notice] 1#1: start worker process 26
2024/04/06 16:13:48 [notice] 1#1: start worker process 27
2024/04/06 16:16:37 [notice] 1#1: signal 3 (SIGQUIT) received, shutting down
2024/04/06 16:16:37 [notice] 22#22: gracefully shutting down
2024/04/06 16:16:37 [notice] 24#24: gracefully shutting down
2024/04/06 16:16:37 [notice] 27#27: gracefully shutting down
2024/04/06 16:16:37 [notice] 22#22: exiting
2024/04/06 16:16:37 [notice] 24#24: exiting
2024/04/06 16:16:37 [notice] 27#27: exiting
2024/04/06 16:16:37 [notice] 25#25: gracefully shutting down
2024/04/06 16:16:37 [notice] 24#24: exit
2024/04/06 16:16:37 [notice] 22#22: exit
2024/04/06 16:16:37 [notice] 23#23: gracefully shutting down
2024/04/06 16:16:37 [notice] 25#25: exiting
2024/04/06 16:16:37 [notice] 27#27: exit
2024/04/06 16:16:37 [notice] 23#23: exiting
2024/04/06 16:16:37 [notice] 25#25: exit
2024/04/06 16:16:37 [notice] 23#23: exit
2024/04/06 16:16:37 [notice] 26#26: gracefully shutting down
2024/04/06 16:16:37 [notice] 26#26: exiting
2024/04/06 16:16:37 [notice] 26#26: exit
2024/04/06 16:16:37 [notice] 1#1: signal 17 (SIGCHLD) received from 26
2024/04/06 16:16:37 [notice] 1#1: worker process 23 exited with code 0
2024/04/06 16:16:37 [notice] 1#1: worker process 26 exited with code 0
2024/04/06 16:16:37 [notice] 1#1: worker process 27 exited with code 0
2024/04/06 16:16:37 [notice] 1#1: signal 29 (SIGIO) received
2024/04/06 16:16:37 [notice] 1#1: signal 17 (SIGCHLD) received from 27
2024/04/06 16:16:37 [notice] 1#1: signal 17 (SIGCHLD) received from 24
2024/04/06 16:16:37 [notice] 1#1: worker process 24 exited with code 0
2024/04/06 16:16:37 [notice] 1#1: worker process 25 exited with code 0
2024/04/06 16:16:37 [notice] 1#1: signal 29 (SIGIO) received
2024/04/06 16:16:37 [notice] 1#1: signal 17 (SIGCHLD) received from 22
2024/04/06 16:16:37 [notice] 1#1: worker process 22 exited with code 0
2024/04/06 16:16:37 [notice] 1#1: exit
2024/04/06 16:16:38 [warn] 1#1: conflicting server name "localhost" on 0.0.0.0:80, ignored
2024/04/06 16:16:38 [notice] 1#1: using the "epoll" event method
2024/04/06 16:16:38 [notice] 1#1: nginx/1.25.4
2024/04/06 16:16:38 [notice] 1#1: built by gcc 12.2.0 (Debian 12.2.0-14) 
2024/04/06 16:16:38 [notice] 1#1: OS: Linux 6.5.0-26-generic
2024/04/06 16:16:38 [notice] 1#1: getrlimit(RLIMIT_NOFILE): 1048576:1048576
2024/04/06 16:16:38 [notice] 1#1: start worker processes
2024/04/06 16:16:38 [notice] 1#1: start worker process 22
2024/04/06 16:16:38 [notice] 1#1: start worker process 23
2024/04/06 16:16:38 [notice] 1#1: start worker process 24
2024/04/06 16:16:38 [notice] 1#1: start worker process 25
2024/04/06 16:16:38 [notice] 1#1: start worker process 26
2024/04/06 16:16:38 [notice] 1#1: start worker process 27
2024/04/06 16:19:40 [notice] 1#1: signal 3 (SIGQUIT) received, shutting down
2024/04/06 16:19:40 [notice] 24#24: gracefully shutting down
2024/04/06 16:19:40 [notice] 23#23: gracefully shutting down
2024/04/06 16:19:40 [notice] 22#22: gracefully shutting down
2024/04/06 16:19:40 [notice] 25#25: gracefully shutting down
2024/04/06 16:19:40 [notice] 24#24: exiting
2024/04/06 16:19:40 [notice] 22#22: exiting
2024/04/06 16:19:40 [notice] 23#23: exiting
2024/04/06 16:19:40 [notice] 25#25: exiting
2024/04/06 16:19:40 [notice] 22#22: exit
2024/04/06 16:19:40 [notice] 24#24: exit
2024/04/06 16:19:40 [notice] 23#23: exit
2024/04/06 16:19:40 [notice] 25#25: exit
2024/04/06 16:19:40 [notice] 27#27: gracefully shutting down
2024/04/06 16:19:40 [notice] 27#27: exiting
2024/04/06 16:19:40 [notice] 27#27: exit
2024/04/06 16:19:40 [notice] 26#26: gracefully shutting down
2024/04/06 16:19:40 [notice] 26#26: exiting
2024/04/06 16:19:40 [notice] 26#26: exit
2024/04/06 16:19:40 [notice] 1#1: signal 17 (SIGCHLD) received from 27
2024/04/06 16:19:40 [notice] 1#1: worker process 22 exited with code 0
2024/04/06 16:19:40 [notice] 1#1: worker process 27 exited with code 0
2024/04/06 16:19:40 [notice] 1#1: signal 29 (SIGIO) received
2024/04/06 16:19:40 [notice] 1#1: signal 17 (SIGCHLD) received from 22
2024/04/06 16:19:40 [notice] 1#1: signal 17 (SIGCHLD) received from 23
2024/04/06 16:19:40 [notice] 1#1: worker process 23 exited with code 0
2024/04/06 16:19:40 [notice] 1#1: worker process 24 exited with code 0
2024/04/06 16:19:40 [notice] 1#1: worker process 25 exited with code 0
2024/04/06 16:19:40 [notice] 1#1: worker process 26 exited with code 0
2024/04/06 16:19:40 [notice] 1#1: exit
2024/04/06 16:20:44 [warn] 1#1: conflicting server name "localhost" on 0.0.0.0:80, ignored
2024/04/06 16:20:44 [notice] 1#1: using the "epoll" event method
2024/04/06 16:20:44 [notice] 1#1: nginx/1.25.4
2024/04/06 16:20:44 [notice] 1#1: built by gcc 12.2.0 (Debian 12.2.0-14) 
2024/04/06 16:20:44 [notice] 1#1: OS: Linux 6.5.0-26-generic
2024/04/06 16:20:44 [notice] 1#1: getrlimit(RLIMIT_NOFILE): 1048576:1048576
2024/04/06 16:20:44 [notice] 1#1: start worker processes
2024/04/06 16:20:44 [notice] 1#1: start worker process 29
2024/04/06 16:20:44 [notice] 1#1: start worker process 30
2024/04/06 16:20:44 [notice] 1#1: start worker process 31
2024/04/06 16:20:44 [notice] 1#1: start worker process 32
2024/04/06 16:20:44 [notice] 1#1: start worker process 33
2024/04/06 16:20:44 [notice] 1#1: start worker process 34
2024/04/06 16:23:50 [notice] 1#1: signal 3 (SIGQUIT) received, shutting down
2024/04/06 16:23:50 [notice] 31#31: gracefully shutting down
2024/04/06 16:23:50 [notice] 33#33: gracefully shutting down
2024/04/06 16:23:50 [notice] 32#32: gracefully shutting down
2024/04/06 16:23:50 [notice] 31#31: exiting
2024/04/06 16:23:50 [notice] 33#33: exiting
2024/04/06 16:23:50 [notice] 32#32: exiting
2024/04/06 16:23:50 [notice] 33#33: exit
2024/04/06 16:23:50 [notice] 31#31: exit
2024/04/06 16:23:50 [notice] 32#32: exit
2024/04/06 16:23:50 [notice] 30#30: gracefully shutting down
2024/04/06 16:23:50 [notice] 30#30: exiting
2024/04/06 16:23:50 [notice] 30#30: exit
2024/04/06 16:23:50 [notice] 34#34: gracefully shutting down
2024/04/06 16:23:50 [notice] 34#34: exiting
2024/04/06 16:23:50 [notice] 34#34: exit
2024/04/06 16:23:50 [notice] 29#29: gracefully shutting down
2024/04/06 16:23:50 [notice] 29#29: exiting
2024/04/06 16:23:50 [notice] 29#29: exit
2024/04/06 16:23:50 [notice] 1#1: signal 17 (SIGCHLD) received from 32
2024/04/06 16:23:50 [notice] 1#1: worker process 32 exited with code 0
2024/04/06 16:23:50 [notice] 1#1: worker process 34 exited with code 0
2024/04/06 16:23:50 [notice] 1#1: signal 29 (SIGIO) received
2024/04/06 16:23:50 [notice] 1#1: signal 17 (SIGCHLD) received from 31
2024/04/06 16:23:50 [notice] 1#1: worker process 29 exited with code 0
2024/04/06 16:23:50 [notice] 1#1: worker process 31 exited with code 0
2024/04/06 16:23:50 [notice] 1#1: signal 29 (SIGIO) received
2024/04/06 16:23:50 [notice] 1#1: signal 17 (SIGCHLD) received from 29
2024/04/06 16:23:50 [notice] 1#1: signal 17 (SIGCHLD) received from 33
2024/04/06 16:23:50 [notice] 1#1: worker process 33 exited with code 0
2024/04/06 16:23:50 [notice] 1#1: signal 29 (SIGIO) received
2024/04/06 16:23:50 [notice] 1#1: signal 17 (SIGCHLD) received from 30
2024/04/06 16:23:50 [notice] 1#1: worker process 30 exited with code 0
2024/04/06 16:23:50 [notice] 1#1: exit
2024/04/06 16:24:06 [warn] 1#1: conflicting server name "localhost" on 0.0.0.0:80, ignored
2024/04/06 16:24:06 [notice] 1#1: using the "epoll" event method
2024/04/06 16:24:06 [notice] 1#1: nginx/1.25.4
2024/04/06 16:24:06 [notice] 1#1: built by gcc 12.2.0 (Debian 12.2.0-14) 
2024/04/06 16:24:06 [notice] 1#1: OS: Linux 6.5.0-26-generic
2024/04/06 16:24:06 [notice] 1#1: getrlimit(RLIMIT_NOFILE): 1048576:1048576
2024/04/06 16:24:06 [notice] 1#1: start worker processes
2024/04/06 16:24:06 [notice] 1#1: start worker process 29
2024/04/06 16:24:06 [notice] 1#1: start worker process 30
2024/04/06 16:24:06 [notice] 1#1: start worker process 31
2024/04/06 16:24:06 [notice] 1#1: start worker process 32
2024/04/06 16:24:06 [notice] 1#1: start worker process 33
2024/04/06 16:24:06 [notice] 1#1: start worker process 34
2024/04/06 16:33:55 [notice] 1#1: signal 3 (SIGQUIT) received, shutting down
2024/04/06 16:33:55 [notice] 29#29: gracefully shutting down
2024/04/06 16:33:55 [notice] 30#30: gracefully shutting down
2024/04/06 16:33:55 [notice] 31#31: gracefully shutting down
2024/04/06 16:33:55 [notice] 34#34: gracefully shutting down
2024/04/06 16:33:55 [notice] 31#31: exiting
2024/04/06 16:33:55 [notice] 29#29: exiting
2024/04/06 16:33:55 [notice] 30#30: exiting
2024/04/06 16:33:55 [notice] 32#32: gracefully shutting down
2024/04/06 16:33:55 [notice] 34#34: exiting
2024/04/06 16:33:55 [notice] 32#32: exiting
2024/04/06 16:33:55 [notice] 29#29: exit
2024/04/06 16:33:55 [notice] 31#31: exit
2024/04/06 16:33:55 [notice] 30#30: exit
2024/04/06 16:33:55 [notice] 34#34: exit
2024/04/06 16:33:55 [notice] 32#32: exit
2024/04/06 16:33:55 [notice] 33#33: gracefully shutting down
2024/04/06 16:33:55 [notice] 33#33: exiting
2024/04/06 16:33:55 [notice] 33#33: exit
2024/04/06 16:33:55 [notice] 1#1: signal 17 (SIGCHLD) received from 29
2024/04/06 16:33:55 [notice] 1#1: worker process 29 exited with code 0
2024/04/06 16:33:55 [notice] 1#1: signal 29 (SIGIO) received
2024/04/06 16:33:55 [notice] 1#1: signal 17 (SIGCHLD) received from 32
2024/04/06 16:33:55 [notice] 1#1: worker process 32 exited with code 0
2024/04/06 16:33:55 [notice] 1#1: signal 29 (SIGIO) received
2024/04/06 16:33:55 [notice] 1#1: signal 17 (SIGCHLD) received from 30
2024/04/06 16:33:55 [notice] 1#1: worker process 30 exited with code 0
2024/04/06 16:33:55 [notice] 1#1: worker process 33 exited with code 0
2024/04/06 16:33:55 [notice] 1#1: signal 29 (SIGIO) received
2024/04/06 16:33:55 [notice] 1#1: signal 17 (SIGCHLD) received from 31
2024/04/06 16:33:55 [notice] 1#1: worker process 31 exited with code 0
2024/04/06 16:33:55 [notice] 1#1: signal 29 (SIGIO) received
2024/04/06 16:33:55 [notice] 1#1: signal 17 (SIGCHLD) received from 34
2024/04/06 16:33:55 [notice] 1#1: worker process 34 exited with code 0
2024/04/06 16:33:55 [notice] 1#1: exit
2024/04/06 16:34:06 [warn] 1#1: conflicting server name "localhost" on 0.0.0.0:80, ignored
2024/04/06 16:34:06 [notice] 1#1: using the "epoll" event method
2024/04/06 16:34:06 [notice] 1#1: nginx/1.25.4
2024/04/06 16:34:06 [notice] 1#1: built by gcc 12.2.0 (Debian 12.2.0-14) 
2024/04/06 16:34:06 [notice] 1#1: OS: Linux 6.5.0-26-generic
2024/04/06 16:34:06 [notice] 1#1: getrlimit(RLIMIT_NOFILE): 1048576:1048576
2024/04/06 16:34:06 [notice] 1#1: start worker processes
2024/04/06 16:34:06 [notice] 1#1: start worker process 29
2024/04/06 16:34:06 [notice] 1#1: start worker process 30
2024/04/06 16:34:06 [notice] 1#1: start worker process 31
2024/04/06 16:34:06 [notice] 1#1: start worker process 32
2024/04/06 16:34:06 [notice] 1#1: start worker process 33
2024/04/06 16:34:06 [notice] 1#1: start worker process 34
2024/04/06 16:36:50 [notice] 1#1: signal 3 (SIGQUIT) received, shutting down
2024/04/06 16:36:50 [notice] 29#29: gracefully shutting down
2024/04/06 16:36:50 [notice] 31#31: gracefully shutting down
2024/04/06 16:36:50 [notice] 32#32: gracefully shutting down
2024/04/06 16:36:50 [notice] 30#30: gracefully shutting down
2024/04/06 16:36:50 [notice] 29#29: exiting
2024/04/06 16:36:50 [notice] 32#32: exiting
2024/04/06 16:36:50 [notice] 30#30: exiting
2024/04/06 16:36:50 [notice] 31#31: exiting
2024/04/06 16:36:50 [notice] 29#29: exit
2024/04/06 16:36:50 [notice] 30#30: exit
2024/04/06 16:36:50 [notice] 32#32: exit
2024/04/06 16:36:50 [notice] 31#31: exit
2024/04/06 16:36:50 [notice] 33#33: gracefully shutting down
2024/04/06 16:36:50 [notice] 33#33: exiting
2024/04/06 16:36:50 [notice] 33#33: exit
2024/04/06 16:36:50 [notice] 34#34: gracefully shutting down
2024/04/06 16:36:50 [notice] 34#34: exiting
2024/04/06 16:36:50 [notice] 34#34: exit
2024/04/06 16:36:51 [notice] 1#1: signal 17 (SIGCHLD) received from 30
2024/04/06 16:36:51 [notice] 1#1: worker process 30 exited with code 0
2024/04/06 16:36:51 [notice] 1#1: signal 29 (SIGIO) received
2024/04/06 16:36:51 [notice] 1#1: signal 17 (SIGCHLD) received from 32
2024/04/06 16:36:51 [notice] 1#1: worker process 32 exited with code 0
2024/04/06 16:36:51 [notice] 1#1: signal 29 (SIGIO) received
2024/04/06 16:36:51 [notice] 1#1: signal 17 (SIGCHLD) received from 34
2024/04/06 16:36:51 [notice] 1#1: worker process 34 exited with code 0
2024/04/06 16:36:51 [notice] 1#1: signal 29 (SIGIO) received
2024/04/06 16:36:51 [notice] 1#1: signal 17 (SIGCHLD) received from 31
2024/04/06 16:36:51 [notice] 1#1: worker process 31 exited with code 0
2024/04/06 16:36:51 [notice] 1#1: signal 29 (SIGIO) received
2024/04/06 16:36:51 [notice] 1#1: signal 17 (SIGCHLD) received from 33
2024/04/06 16:36:51 [notice] 1#1: worker process 33 exited with code 0
2024/04/06 16:36:51 [notice] 1#1: signal 29 (SIGIO) received
2024/04/06 16:36:51 [notice] 1#1: signal 17 (SIGCHLD) received from 29
2024/04/06 16:36:51 [notice] 1#1: worker process 29 exited with code 0
2024/04/06 16:36:51 [notice] 1#1: exit
2024/04/06 16:36:58 [warn] 1#1: conflicting server name "localhost" on 0.0.0.0:80, ignored
2024/04/06 16:36:58 [notice] 1#1: using the "epoll" event method
2024/04/06 16:36:58 [notice] 1#1: nginx/1.25.4
2024/04/06 16:36:58 [notice] 1#1: built by gcc 12.2.0 (Debian 12.2.0-14) 
2024/04/06 16:36:58 [notice] 1#1: OS: Linux 6.5.0-26-generic
2024/04/06 16:36:58 [notice] 1#1: getrlimit(RLIMIT_NOFILE): 1048576:1048576
2024/04/06 16:36:58 [notice] 1#1: start worker processes
2024/04/06 16:36:58 [notice] 1#1: start worker process 30
2024/04/06 16:36:58 [notice] 1#1: start worker process 31
2024/04/06 16:36:58 [notice] 1#1: start worker process 32
2024/04/06 16:36:58 [notice] 1#1: start worker process 33
2024/04/06 16:36:58 [notice] 1#1: start worker process 34
2024/04/06 16:36:58 [notice] 1#1: start worker process 35
